<?xml version="1.0"?>
<FeatureInfoResponse xmlns="http://www.esri.com/wms">
  <FIELDS DOMINANT_BROAD_HABITAT="Improved grassland" pH_1978="5.79" pH_1998="6.06" pH_2007="6.27"
          CORPADMIN.Soils2000Data.CN_RATIO_1998="11.8" CORPADMIN.Soils2000Data.CN_RATIO_2007="12"
          CORPADMIN.Soils2000Data.CN_RATIO_1998_2007="0.2" CORPADMIN.Soils2000Data.N_CONC_1998_2007="-0.02"
          CORPADMIN.Soils2000Data.MITE_SPRINGTAIL_RATIO_1998="4.02"
          CORPADMIN.Soils2000Data.MITE_SPRINGTAIL_RATIO_2007="8.2"
          CORPADMIN.Soils2000Data.MITE_SPRINGTAIL_RATIO_9807="4.18" CORPADMIN.Soils2000Data.NUM_BROADTAXA_1998="4.54"
          CORPADMIN.Soils2000Data.NUM_BROADTAXA_2007="3.74"
          CORPADMIN.Soils2000Data.NUM_BROADTAXA_1998_2007="-0.8" />
</FeatureInfoResponse>
