<?xml version="1.0" encoding="UTF-8" ?>
<FeatureInfoResponse>
  <FIELDS OBJECTID="221093" Shape="Polygon" GEN_PMLITH="CLAY" ESB_DESC="FLUVIAL CLAYS, SILTS SANDS AND GRAVEL" GRAINSIZE="ARGILLIC - ARENACEOUS" SOIL_GROUP="HEAVY" SOIL_DEPTH="DEEP" CACO3_RANK="NONE" PMM_UID="bgsn:PMMv6_pk_221092" ESB_CODE="540_530" LEX_RCS="ALV-CZPS" Shape_Length="3999.9754" Shape_Area="999987.700039"/>
  <FIELDS OBJECTID="221094" Shape="Polygon" GEN_PMLITH="CLAY" ESB_DESC="FLUVIAL CLAYS, SILTS SANDS AND GRAVEL" GRAINSIZE="ARGILLIC - ARENACEOUS" SOIL_GROUP="HEAVY" SOIL_DEPTH="DEEP" CACO3_RANK="NONE" PMM_UID="bgsn:PMMv6_pk_221093" ESB_CODE="540_530" LEX_RCS="ALV-CZPS" Shape_Length="3999.9956" Shape_Area="999997.799976"/>
</FeatureInfoResponse>
