<?xml version="1.0" encoding="UTF-8"?>
<locs>
  <loc>
    <lat>-59.083</lat>
    <lon>-26.583</lon>
    <unit>degC</unit>
    <var name="temp">
      <jan>0.2</jan>
      <feb>0.3</feb>
      <mar>0.2</mar>
      <apr>-1.9</apr>
      <may>-6.0</may>
      <jun>-9.8</jun>
      <jul>-13.6</jul>
      <aug>-9.2</aug>
      <sep>-8.1</sep>
      <oct>-5.3</oct>
      <nov>-2.3</nov>
      <dec>-1.1</dec>
    </var>
  </loc>
  <loc>
    <lat>-58.417</lat>
    <lon>-26.250</lon>
    <unit>degC</unit>
    <var name="temp">
      <jan>0.6</jan>
      <feb>0.8</feb>
      <mar>0.7</mar>
      <apr>-1.4</apr>
      <may>-5.4</may>
      <jun>-9.1</jun>
      <jul>-12.9</jul>
      <aug>-8.6</aug>
      <sep>-7.5</sep>
      <oct>-4.7</oct>
      <nov>-1.8</nov>
      <dec>-0.7</dec>
    </var>
  </loc>
  <loc>
    <lat>-58.417</lat>
    <lon>-26.417</lon>
    <unit>degC</unit>
    <var name="temp">
      <jan>0.4</jan>
      <feb>0.5</feb>
      <mar>0.5</mar>
      <apr>-1.6</apr>
      <may>-5.6</may>
      <jun>-9.3</jun>
      <jul>-13.1</jul>
      <aug>-8.8</aug>
      <sep>-7.7</sep>
      <oct>-4.9</oct>
      <nov>-2.1</nov>
      <dec>-0.9</dec>
    </var>
  </loc>
</locs>