<?xml version="1.0" encoding="UTF-8" ?>
<FeatureInfoResponse xmlns="http://www.esri.com/wms">
  <FIELDS DOMINANT_BROAD_HABITAT="Arable" CORPADMIN.Soils2000Data.DOMINANT_BROAD_HABITAT="Arable" C_CONC_1978="34.5"
          C_CONC_1998="33.5" C_CONC_2007="30.7" CORPADMIN.Soils2000Data.CN_RATIO_1998="11.7"
          CORPADMIN.Soils2000Data.CN_RATIO_2007="11.3" CORPADMIN.Soils2000Data.CN_RATIO_1998_2007="-0.4"
          CORPADMIN.Soils2000Data.N_CONC_1998_2007="-0.02" CORPADMIN.Soils2000Data.MITE_SPRINGTAIL_RATIO_1998="1.83"
          CORPADMIN.Soils2000Data.MITE_SPRINGTAIL_RATIO_2007="5.31"
          CORPADMIN.Soils2000Data.MITE_SPRINGTAIL_RATIO_9807="3.48" CORPADMIN.Soils2000Data.NUM_BROADTAXA_1998="4.13"
          CORPADMIN.Soils2000Data.NUM_BROADTAXA_2007="3.4" CORPADMIN.Soils2000Data.NUM_BROADTAXA_1998_2007="-0.73"/>
</FeatureInfoResponse>